2023-01-02 21:47:33.196 [info] Added views:workbench.panel.markers.view in workbench.panel.markers
2023-01-02 21:47:33.196 [info] Added views:workbench.panel.output in workbench.panel.output
2023-01-02 21:47:33.196 [info] Added views:terminal in terminal
2023-01-02 21:47:33.196 [info] Added views:outline in workbench.view.explorer
2023-01-02 21:47:33.196 [info] Added views:workbench.scm in workbench.view.scm
2023-01-02 21:47:33.196 [info] Added views:workbench.view.search in workbench.view.search
2023-01-02 21:47:33.196 [info] Added views:timeline in workbench.view.explorer
2023-01-02 21:47:33.196 [info] Added views:workbench.explorer.emptyView in workbench.view.explorer
2023-01-02 21:47:33.196 [info] Added views:workbench.debug.variablesView,workbench.debug.watchExpressionsView,workbench.debug.callStackView,workbench.debug.breakPointsView in workbench.view.debug
2023-01-02 21:47:34.155 [info] Added views:workbench.panel.repl.view in workbench.panel.repl
2023-01-02 21:47:34.164 [info] Removed views:workbench.debug.breakPointsView,workbench.debug.callStackView,workbench.debug.watchExpressionsView,workbench.debug.variablesView from workbench.view.debug
2023-01-02 21:47:34.164 [info] Added views:workbench.debug.welcome in workbench.view.debug
2023-01-02 21:50:17.017 [info] Added views:workbench.panel.markers.view in workbench.panel.markers
2023-01-02 21:50:17.017 [info] Added views:workbench.panel.output in workbench.panel.output
2023-01-02 21:50:17.017 [info] Added views:terminal in terminal
2023-01-02 21:50:17.017 [info] Added views:outline in workbench.view.explorer
2023-01-02 21:50:17.017 [info] Added views:workbench.scm in workbench.view.scm
2023-01-02 21:50:17.017 [info] Added views:workbench.view.search in workbench.view.search
2023-01-02 21:50:17.017 [info] Added views:timeline in workbench.view.explorer
2023-01-02 21:50:17.017 [info] Added views:workbench.explorer.fileView in workbench.view.explorer
2023-01-02 21:50:17.017 [info] Added views:workbench.debug.variablesView,workbench.debug.watchExpressionsView,workbench.debug.callStackView,workbench.debug.breakPointsView in workbench.view.debug
2023-01-02 21:50:17.603 [info] Added views:workbench.panel.repl.view in workbench.panel.repl
2023-01-02 21:50:17.605 [info] Removed views:workbench.debug.breakPointsView,workbench.debug.callStackView,workbench.debug.watchExpressionsView,workbench.debug.variablesView from workbench.view.debug
2023-01-02 21:50:17.606 [info] Added views:workbench.debug.welcome in workbench.view.debug
2023-01-02 21:52:42.916 [info] Added views:workbench.views.extensions.installed,workbench.views.extensions.popular,extensions.recommendedList in workbench.view.extensions
2023-01-02 21:52:42.927 [info] Removed views:workbench.views.extensions.popular from workbench.view.extensions
2023-01-02 21:52:43.212 [info] Added views:workbench.views.extensions.popular in workbench.view.extensions
2023-01-02 21:52:45.393 [info] Removed views:extensions.recommendedList,workbench.views.extensions.popular,workbench.views.extensions.installed from workbench.view.extensions
2023-01-02 21:52:45.430 [info] Added views:workbench.views.extensions.marketplace in workbench.view.extensions
