2023-01-02 21:55:57.905 [info] Log level: Info
2023-01-02 21:55:57.905 [info] Validating found git in: "git"
2023-01-02 21:55:57.905 [info] Using git "2.39.0" from "git"
2023-01-02 21:55:57.905 [info] > git rev-parse --show-toplevel [20ms]
2023-01-02 21:55:57.905 [info] fatal: not a git repository (or any of the parent directories): .git
2023-01-02 21:55:57.907 [info] > git rev-parse --show-toplevel [10ms]
2023-01-02 21:55:57.907 [info] fatal: not a git repository (or any of the parent directories): .git
2023-01-02 21:55:58.168 [info] > git rev-parse --show-toplevel [1ms]
2023-01-02 21:55:58.168 [info] fatal: not a git repository (or any of the parent directories): .git
2023-01-02 21:56:52.207 [info] > git rev-parse --show-toplevel [1ms]
2023-01-02 21:56:52.207 [info] fatal: not a git repository (or any of the parent directories): .git
2023-01-02 21:56:52.708 [info] > git rev-parse --show-toplevel [2ms]
2023-01-02 21:56:52.708 [info] fatal: not a git repository (or any of the parent directories): .git
2023-01-02 21:57:03.859 [info] > git rev-parse --show-toplevel [5ms]
2023-01-02 21:57:03.859 [info] fatal: not a git repository (or any of the parent directories): .git
2023-01-02 21:57:04.093 [info] > git rev-parse --show-toplevel [2ms]
2023-01-02 21:57:04.093 [info] fatal: not a git repository (or any of the parent directories): .git
2023-01-02 21:57:05.050 [info] > git rev-parse --show-toplevel [2ms]
2023-01-02 21:57:05.050 [info] fatal: not a git repository (or any of the parent directories): .git
2023-01-02 21:57:05.172 [info] > git rev-parse --show-toplevel [1ms]
2023-01-02 21:57:05.172 [info] fatal: not a git repository (or any of the parent directories): .git
2023-01-02 21:57:05.748 [info] > git rev-parse --show-toplevel [1ms]
2023-01-02 21:57:05.748 [info] fatal: not a git repository (or any of the parent directories): .git
2023-01-02 21:57:07.187 [info] > git rev-parse --show-toplevel [1ms]
2023-01-02 21:57:07.187 [info] fatal: not a git repository (or any of the parent directories): .git
